This file contains any messages produced by compilers while
running configure, to aid debugging if configure makes a mistake.

It was created by libmtp configure 1.1.5, which was
generated by GNU Autoconf 2.68.  Invocation command line was

  $ ./configure --enable-static

## --------- ##
## Platform. ##
## --------- ##

hostname = Ceres.local
uname -m = x86_64
uname -r = 12.2.0
uname -s = Darwin
uname -v = Darwin Kernel Version 12.2.0: Sat Aug 25 00:48:52 PDT 2012; root:xnu-2050.18.24~1/RELEASE_X86_64

/usr/bin/uname -p = i386
/bin/uname -X     = unknown

/bin/arch              = unknown
/usr/bin/arch -k       = unknown
/usr/convex/getsysinfo = unknown
/usr/bin/hostinfo      = Mach kernel version:
	 Darwin Kernel Version 12.2.0: Sat Aug 25 00:48:52 PDT 2012; root:xnu-2050.18.24~1/RELEASE_X86_64
Kernel configured for up to 8 processors.
4 processors are physically available.
8 processors are logically available.
Processor type: i486 (Intel 80486)
Processors active: 0 1 2 3 4 5 6 7
Primary memory available: 8.00 gigabytes
Default processor set: 121 tasks, 852 threads, 8 processors
Load average: 0.65, Mach factor: 7.34
/bin/machine           = unknown
/usr/bin/oslevel       = unknown
/bin/universe          = unknown

PATH: /Users/phausler/.rvm/gems/ruby-1.9.3-p194/bin
PATH: /Users/phausler/.rvm/gems/ruby-1.9.3-p194@global/bin
PATH: /Users/phausler/.rvm/rubies/ruby-1.9.3-p194/bin
PATH: /Users/phausler/.rvm/bin
PATH: /usr/local/bin
PATH: /usr/bin
PATH: /bin
PATH: /usr/sbin
PATH: /sbin
PATH: /usr/local/bin
PATH: /Volumes/Vault/destinycloudfist/toolchain/macosx/android-sdk/tools
PATH: /Volumes/Vault/destinycloudfist/toolchain/macosx/android-sdk/platform-tools
PATH: /Volumes/Vault/destinycloudfist/Tools/DeveloperTools
PATH: /Volumes/Vault/destinycloudfist/bin
PATH: /Users/phausler/.rvm/bin


## ----------- ##
## Core tests. ##
## ----------- ##

configure:2404: checking for a BSD-compatible install
configure:2472: result: /usr/bin/install -c
configure:2483: checking whether build environment is sane
configure:2533: result: yes
configure:2674: checking for a thread-safe mkdir -p
configure:2713: result: ./install-sh -c -d
configure:2726: checking for gawk
configure:2756: result: no
configure:2726: checking for mawk
configure:2756: result: no
configure:2726: checking for nawk
configure:2756: result: no
configure:2726: checking for awk
configure:2742: found /usr/bin/awk
configure:2753: result: awk
configure:2764: checking whether make sets $(MAKE)
configure:2786: result: yes
configure:2919: checking for gcc
configure:2935: found /usr/bin/gcc
configure:2946: result: gcc
configure:3175: checking for C compiler version
configure:3184: gcc --version >&5
i686-apple-darwin11-llvm-gcc-4.2 (GCC) 4.2.1 (Based on Apple Inc. build 5658) (LLVM build 2336.11.00)
Copyright (C) 2007 Free Software Foundation, Inc.
This is free software; see the source for copying conditions.  There is NO
warranty; not even for MERCHANTABILITY or FITNESS FOR A PARTICULAR PURPOSE.

configure:3195: $? = 0
configure:3184: gcc -v >&5
Using built-in specs.
Target: i686-apple-darwin11
Configured with: /private/var/tmp/llvmgcc42/llvmgcc42-2336.11~67/src/configure --disable-checking --enable-werror --prefix=/Applications/Xcode.app/Contents/Developer/usr/llvm-gcc-4.2 --mandir=/share/man --enable-languages=c,objc,c++,obj-c++ --program-prefix=llvm- --program-transform-name=/^[cg][^.-]*$/s/$/-4.2/ --with-slibdir=/usr/lib --build=i686-apple-darwin11 --enable-llvm=/private/var/tmp/llvmgcc42/llvmgcc42-2336.11~67/dst-llvmCore/Developer/usr/local --program-prefix=i686-apple-darwin11- --host=x86_64-apple-darwin11 --target=i686-apple-darwin11 --with-gxx-include-dir=/usr/include/c++/4.2.1
Thread model: posix
gcc version 4.2.1 (Based on Apple Inc. build 5658) (LLVM build 2336.11.00)
configure:3195: $? = 0
configure:3184: gcc -V >&5
llvm-gcc-4.2: argument to `-V' is missing
configure:3195: $? = 1
configure:3184: gcc -qversion >&5
i686-apple-darwin11-llvm-gcc-4.2: no input files
configure:3195: $? = 1
configure:3215: checking whether the C compiler works
configure:3237: gcc   -L/usr/local/lib conftest.c  >&5
configure:3241: $? = 0
configure:3289: result: yes
configure:3292: checking for C compiler default output file name
configure:3294: result: a.out
configure:3300: checking for suffix of executables
configure:3307: gcc -o conftest   -L/usr/local/lib conftest.c  >&5
configure:3311: $? = 0
configure:3333: result: 
configure:3355: checking whether we are cross compiling
configure:3363: gcc -o conftest   -L/usr/local/lib conftest.c  >&5
configure:3367: $? = 0
configure:3374: ./conftest
configure:3378: $? = 0
configure:3393: result: no
configure:3398: checking for suffix of object files
configure:3420: gcc -c   conftest.c >&5
configure:3424: $? = 0
configure:3445: result: o
configure:3449: checking whether we are using the GNU C compiler
configure:3468: gcc -c   conftest.c >&5
configure:3468: $? = 0
configure:3477: result: yes
configure:3486: checking whether gcc accepts -g
configure:3506: gcc -c -g  conftest.c >&5
configure:3506: $? = 0
configure:3547: result: yes
configure:3564: checking for gcc option to accept ISO C89
configure:3628: gcc  -c -g -O2  conftest.c >&5
configure:3628: $? = 0
configure:3641: result: none needed
configure:3672: checking for style of include used by make
configure:3700: result: GNU
configure:3726: checking dependency style of gcc
configure:3837: result: gcc3
configure:3853: checking whether ln -s works
configure:3857: result: yes
configure:3868: checking build system type
configure:3882: result: i386-apple-darwin12.2.0
configure:3902: checking host system type
configure:3915: result: i386-apple-darwin12.2.0
configure:4284: checking how to print strings
configure:4311: result: printf
configure:4332: checking for a sed that does not truncate output
configure:4396: result: /usr/bin/sed
configure:4414: checking for grep that handles long lines and -e
configure:4472: result: /usr/bin/grep
configure:4477: checking for egrep
configure:4539: result: /usr/bin/grep -E
configure:4544: checking for fgrep
configure:4606: result: /usr/bin/grep -F
configure:4641: checking for ld used by gcc
configure:4708: result: /usr/llvm-gcc-4.2/libexec/gcc/i686-apple-darwin11/4.2.1/ld
configure:4715: checking if the linker (/usr/llvm-gcc-4.2/libexec/gcc/i686-apple-darwin11/4.2.1/ld) is GNU ld
configure:4730: result: no
configure:4742: checking for BSD- or MS-compatible name lister (nm)
configure:4791: result: /usr/bin/nm
configure:4921: checking the name lister (/usr/bin/nm) interface
configure:4928: gcc -c -g -O2  conftest.c >&5
configure:4931: /usr/bin/nm "conftest.o"
configure:4934: output
0000000000000198 S _some_variable
configure:4941: result: BSD nm
configure:4945: checking the maximum length of command line arguments
configure:5075: result: 196608
configure:5092: checking whether the shell understands some XSI constructs
configure:5102: result: yes
configure:5106: checking whether the shell understands "+="
configure:5112: result: yes
configure:5147: checking how to convert i386-apple-darwin12.2.0 file names to i386-apple-darwin12.2.0 format
configure:5187: result: func_convert_file_noop
configure:5194: checking how to convert i386-apple-darwin12.2.0 file names to toolchain format
configure:5214: result: func_convert_file_noop
configure:5221: checking for /usr/llvm-gcc-4.2/libexec/gcc/i686-apple-darwin11/4.2.1/ld option to reload object files
configure:5228: result: -r
configure:5302: checking for objdump
configure:5329: result: objdump
configure:5358: checking how to recognize dependent libraries
configure:5560: result: pass_all
configure:5645: checking for dlltool
configure:5672: result: dlltool
configure:5702: checking how to associate runtime and link libraries
configure:5729: result: printf %s\n
configure:5790: checking for ar
configure:5806: found /usr/bin/ar
configure:5817: result: ar
configure:5854: checking for archiver @FILE support
configure:5871: gcc -c -g -O2  conftest.c >&5
configure:5871: $? = 0
configure:5874: ar cru libconftest.a @conftest.lst >&5
ar: @conftest.lst: No such file or directory
configure:5877: $? = 1
configure:5897: result: no
configure:5955: checking for strip
configure:5971: found /usr/bin/strip
configure:5982: result: strip
configure:6054: checking for ranlib
configure:6070: found /usr/bin/ranlib
configure:6081: result: ranlib
configure:6183: checking command to parse /usr/bin/nm output from gcc object
configure:6303: gcc -c -g -O2  conftest.c >&5
configure:6306: $? = 0
configure:6310: /usr/bin/nm conftest.o \| sed -n -e 's/^.*[ ]\([BCDEGRST][BCDEGRST]*\)[ ][ ]*\([_A-Za-z][_A-Za-z0-9]*\)$/\1 \2 \2/p' | sed '/ __gnu_lto/d' \> conftest.nm
configure:6313: $? = 0
cannot find nm_test_var in conftest.nm
configure:6303: gcc -c -g -O2  conftest.c >&5
configure:6306: $? = 0
configure:6310: /usr/bin/nm conftest.o \| sed -n -e 's/^.*[ ]\([BCDEGRST][BCDEGRST]*\)[ ][ ]*_\([_A-Za-z][_A-Za-z0-9]*\)$/\1 _\2 \2/p' | sed '/ __gnu_lto/d' \> conftest.nm
configure:6313: $? = 0
configure:6379: gcc -o conftest -g -O2  -L/usr/local/lib conftest.c conftstm.o >&5
configure:6382: $? = 0
configure:6420: result: ok
configure:6457: checking for sysroot
configure:6487: result: no
configure:6743: checking for mt
configure:6773: result: no
configure:6793: checking if : is a manifest tool
configure:6799: : '-?'
configure:6807: result: no
configure:6863: checking for dsymutil
configure:6879: found /usr/bin/dsymutil
configure:6890: result: dsymutil
configure:6955: checking for nmedit
configure:6971: found /usr/bin/nmedit
configure:6982: result: nmedit
configure:7047: checking for lipo
configure:7063: found /usr/bin/lipo
configure:7074: result: lipo
configure:7139: checking for otool
configure:7155: found /usr/bin/otool
configure:7166: result: otool
configure:7231: checking for otool64
configure:7261: result: no
configure:7306: checking for -single_module linker flag
gcc -g -O2 -L/usr/local/lib -o libconftest.dylib -dynamiclib -Wl,-single_module conftest.c
configure:7339: result: yes
configure:7342: checking for -exported_symbols_list linker flag
configure:7362: gcc -o conftest -g -O2  -L/usr/local/lib -Wl,-exported_symbols_list,conftest.sym conftest.c  >&5
configure:7362: $? = 0
configure:7372: result: yes
configure:7375: checking for -force_load linker flag
gcc -g -O2 -c -o conftest.o conftest.c
ar cru libconftest.a conftest.o
ranlib libconftest.a
gcc -g -O2 -L/usr/local/lib -o conftest conftest.c -Wl,-force_load,./libconftest.a
configure:7407: result: yes
configure:7449: checking how to run the C preprocessor
configure:7480: gcc -E  conftest.c
configure:7480: $? = 0
configure:7494: gcc -E  conftest.c
conftest.c:11:28: error: ac_nonexistent.h: No such file or directory
configure:7494: $? = 1
configure: failed program was:
| /* confdefs.h */
| #define PACKAGE_NAME "libmtp"
| #define PACKAGE_TARNAME "libmtp"
| #define PACKAGE_VERSION "1.1.5"
| #define PACKAGE_STRING "libmtp 1.1.5"
| #define PACKAGE_BUGREPORT "libmtp-discuss@lists.sourceforge.net"
| #define PACKAGE_URL ""
| #define PACKAGE "libmtp"
| #define VERSION "1.1.5"
| /* end confdefs.h.  */
| #include <ac_nonexistent.h>
configure:7519: result: gcc -E
configure:7539: gcc -E  conftest.c
configure:7539: $? = 0
configure:7553: gcc -E  conftest.c
conftest.c:11:28: error: ac_nonexistent.h: No such file or directory
configure:7553: $? = 1
configure: failed program was:
| /* confdefs.h */
| #define PACKAGE_NAME "libmtp"
| #define PACKAGE_TARNAME "libmtp"
| #define PACKAGE_VERSION "1.1.5"
| #define PACKAGE_STRING "libmtp 1.1.5"
| #define PACKAGE_BUGREPORT "libmtp-discuss@lists.sourceforge.net"
| #define PACKAGE_URL ""
| #define PACKAGE "libmtp"
| #define VERSION "1.1.5"
| /* end confdefs.h.  */
| #include <ac_nonexistent.h>
configure:7582: checking for ANSI C header files
configure:7602: gcc -c -g -O2  conftest.c >&5
configure:7602: $? = 0
configure:7675: gcc -o conftest -g -O2  -L/usr/local/lib conftest.c  >&5
configure:7675: $? = 0
configure:7675: ./conftest
configure:7675: $? = 0
configure:7686: result: yes
configure:7699: checking for sys/types.h
configure:7699: gcc -c -g -O2  conftest.c >&5
configure:7699: $? = 0
configure:7699: result: yes
configure:7699: checking for sys/stat.h
configure:7699: gcc -c -g -O2  conftest.c >&5
configure:7699: $? = 0
configure:7699: result: yes
configure:7699: checking for stdlib.h
configure:7699: gcc -c -g -O2  conftest.c >&5
configure:7699: $? = 0
configure:7699: result: yes
configure:7699: checking for string.h
configure:7699: gcc -c -g -O2  conftest.c >&5
configure:7699: $? = 0
configure:7699: result: yes
configure:7699: checking for memory.h
configure:7699: gcc -c -g -O2  conftest.c >&5
configure:7699: $? = 0
configure:7699: result: yes
configure:7699: checking for strings.h
configure:7699: gcc -c -g -O2  conftest.c >&5
configure:7699: $? = 0
configure:7699: result: yes
configure:7699: checking for inttypes.h
configure:7699: gcc -c -g -O2  conftest.c >&5
configure:7699: $? = 0
configure:7699: result: yes
configure:7699: checking for stdint.h
configure:7699: gcc -c -g -O2  conftest.c >&5
configure:7699: $? = 0
configure:7699: result: yes
configure:7699: checking for unistd.h
configure:7699: gcc -c -g -O2  conftest.c >&5
configure:7699: $? = 0
configure:7699: result: yes
configure:7713: checking for dlfcn.h
configure:7713: gcc -c -g -O2  conftest.c >&5
configure:7713: $? = 0
configure:7713: result: yes
configure:7917: checking for objdir
configure:7932: result: .libs
configure:8203: checking if gcc supports -fno-rtti -fno-exceptions
configure:8221: gcc -c -g -O2  -fno-rtti -fno-exceptions conftest.c >&5
cc1: warning: command line option "-fno-rtti" is valid for C++/ObjC++ but not for C
configure:8225: $? = 0
configure:8238: result: no
configure:8565: checking for gcc option to produce PIC
configure:8572: result: -fno-common -DPIC
configure:8580: checking if gcc PIC flag -fno-common -DPIC works
configure:8598: gcc -c -g -O2  -fno-common -DPIC -DPIC conftest.c >&5
configure:8602: $? = 0
configure:8615: result: yes
configure:8644: checking if gcc static flag -static works
configure:8672: result: no
configure:8687: checking if gcc supports -c -o file.o
configure:8708: gcc -c -g -O2  -o out/conftest2.o conftest.c >&5
configure:8712: $? = 0
configure:8734: result: yes
configure:8742: checking if gcc supports -c -o file.o
configure:8789: result: yes
configure:8822: checking whether the gcc linker (/usr/llvm-gcc-4.2/libexec/gcc/i686-apple-darwin11/4.2.1/ld) supports shared libraries
configure:9975: result: yes
configure:10215: checking dynamic linker characteristics
configure:10952: result: darwin12.2.0 dyld
configure:11059: checking how to hardcode library paths into programs
configure:11084: result: immediate
configure:11624: checking whether stripping libraries is possible
configure:11638: result: yes
configure:11664: checking if libtool supports shared libraries
configure:11666: result: yes
configure:11669: checking whether to build shared libraries
configure:11690: result: yes
configure:11693: checking whether to build static libraries
configure:11697: result: yes
configure:11774: checking for ld used by GCC
configure:11838: result: /usr/llvm-gcc-4.2/libexec/gcc/i686-apple-darwin11/4.2.1/ld
configure:11845: checking if the linker (/usr/llvm-gcc-4.2/libexec/gcc/i686-apple-darwin11/4.2.1/ld) is GNU ld
configure:11858: result: no
configure:11865: checking for shared library run path origin
configure:11878: result: done
configure:12456: checking for iconv
configure:12478: gcc -o conftest -g -O2  -L/usr/local/lib conftest.c  >&5
Undefined symbols for architecture x86_64:
  "_iconv", referenced from:
      _main in ccyH8GUp.o
  "_iconv_close", referenced from:
      _main in ccyH8GUp.o
  "_iconv_open", referenced from:
      _main in ccyH8GUp.o
ld: symbol(s) not found for architecture x86_64
collect2: ld returned 1 exit status
configure:12478: $? = 1
configure: failed program was:
| /* confdefs.h */
| #define PACKAGE_NAME "libmtp"
| #define PACKAGE_TARNAME "libmtp"
| #define PACKAGE_VERSION "1.1.5"
| #define PACKAGE_STRING "libmtp 1.1.5"
| #define PACKAGE_BUGREPORT "libmtp-discuss@lists.sourceforge.net"
| #define PACKAGE_URL ""
| #define PACKAGE "libmtp"
| #define VERSION "1.1.5"
| #define STDC_HEADERS 1
| #define HAVE_SYS_TYPES_H 1
| #define HAVE_SYS_STAT_H 1
| #define HAVE_STDLIB_H 1
| #define HAVE_STRING_H 1
| #define HAVE_MEMORY_H 1
| #define HAVE_STRINGS_H 1
| #define HAVE_INTTYPES_H 1
| #define HAVE_STDINT_H 1
| #define HAVE_UNISTD_H 1
| #define HAVE_DLFCN_H 1
| #define LT_OBJDIR ".libs/"
| /* end confdefs.h.  */
| #include <stdlib.h>
| #include <iconv.h>
| int
| main ()
| {
| iconv_t cd = iconv_open("","");
|        iconv(cd,NULL,NULL,NULL,NULL);
|        iconv_close(cd);
|   ;
|   return 0;
| }
configure:12500: gcc -o conftest -g -O2  -L/usr/local/lib conftest.c  -liconv >&5
configure:12500: $? = 0
configure:12510: result: yes
configure:12513: checking for working iconv
configure:12589: gcc -o conftest -g -O2  -L/usr/local/lib conftest.c  -liconv >&5
configure:12589: $? = 0
configure:12589: ./conftest
configure:12589: $? = 0
configure:12601: result: yes
configure:12616: checking how to link with libiconv
configure:12618: result: -liconv
configure:12629: checking for iconv declaration
configure:12658: gcc -c -g -O2  conftest.c >&5
configure:12658: $? = 0
configure:12669: result:
         extern size_t iconv (iconv_t cd, char * *inbuf, size_t *inbytesleft, char * *outbuf, size_t *outbytesleft);
configure:12780: API documentation will not be generated
configure:12793: checking if the host operating system is Darwin
configure:12797: result: yes
configure:12807: checking if the host operating system is Linux
configure:12823: gcc -c -g -O2 -DUSE_DARWIN  conftest.c >&5
conftest.c:26:4: error: #error "FAIL"
configure:12823: $? = 1
configure: failed program was:
| /* confdefs.h */
| #define PACKAGE_NAME "libmtp"
| #define PACKAGE_TARNAME "libmtp"
| #define PACKAGE_VERSION "1.1.5"
| #define PACKAGE_STRING "libmtp 1.1.5"
| #define PACKAGE_BUGREPORT "libmtp-discuss@lists.sourceforge.net"
| #define PACKAGE_URL ""
| #define PACKAGE "libmtp"
| #define VERSION "1.1.5"
| #define STDC_HEADERS 1
| #define HAVE_SYS_TYPES_H 1
| #define HAVE_SYS_STAT_H 1
| #define HAVE_STDLIB_H 1
| #define HAVE_STRING_H 1
| #define HAVE_MEMORY_H 1
| #define HAVE_STRINGS_H 1
| #define HAVE_INTTYPES_H 1
| #define HAVE_STDINT_H 1
| #define HAVE_UNISTD_H 1
| #define HAVE_DLFCN_H 1
| #define LT_OBJDIR ".libs/"
| #define HAVE_ICONV 1
| #define ICONV_CONST 
| /* end confdefs.h.  */
| #ifndef __linux__
| 		#error "FAIL"
| 		#endif
| 
| int
| main ()
| {
| int test;
|   ;
|   return 0;
| }
configure:12836: result: no
configure:12851: checking For MinGW32
configure:12859: result: no
configure:12975: checking for pkg-config
configure:13008: result: no
configure:13043: checking for LIBUSB
configure:13330: result: no
configure:13334: checking for openusb_init in -lopenusb
configure:13359: gcc -o conftest -g -O2 -DUSE_DARWIN  -L/usr/local/lib conftest.c -lopenusb   >&5
ld: library not found for -lopenusb
collect2: ld returned 1 exit status
configure:13359: $? = 1
configure: failed program was:
| /* confdefs.h */
| #define PACKAGE_NAME "libmtp"
| #define PACKAGE_TARNAME "libmtp"
| #define PACKAGE_VERSION "1.1.5"
| #define PACKAGE_STRING "libmtp 1.1.5"
| #define PACKAGE_BUGREPORT "libmtp-discuss@lists.sourceforge.net"
| #define PACKAGE_URL ""
| #define PACKAGE "libmtp"
| #define VERSION "1.1.5"
| #define STDC_HEADERS 1
| #define HAVE_SYS_TYPES_H 1
| #define HAVE_SYS_STAT_H 1
| #define HAVE_STDLIB_H 1
| #define HAVE_STRING_H 1
| #define HAVE_MEMORY_H 1
| #define HAVE_STRINGS_H 1
| #define HAVE_INTTYPES_H 1
| #define HAVE_STDINT_H 1
| #define HAVE_UNISTD_H 1
| #define HAVE_DLFCN_H 1
| #define LT_OBJDIR ".libs/"
| #define HAVE_ICONV 1
| #define ICONV_CONST 
| /* end confdefs.h.  */
| 
| /* Override any GCC internal prototype to avoid an error.
|    Use char because int might match the return type of a GCC
|    builtin and then its argument prototype would still apply.  */
| #ifdef __cplusplus
| extern "C"
| #endif
| char openusb_init ();
| int
| main ()
| {
| return openusb_init ();
|   ;
|   return 0;
| }
configure:13368: result: no
configure:13381: checking for LIBUSB
configure:13490: result: no
configure:13494: checking for usb_open in -lusb
configure:13519: gcc -o conftest -g -O2 -DUSE_DARWIN  -L/usr/local/lib conftest.c -lusb   >&5
Undefined symbols for architecture x86_64:
  "_usb_open", referenced from:
      _main in ccvlcAtp.o
ld: symbol(s) not found for architecture x86_64
collect2: ld returned 1 exit status
configure:13519: $? = 1
configure: failed program was:
| /* confdefs.h */
| #define PACKAGE_NAME "libmtp"
| #define PACKAGE_TARNAME "libmtp"
| #define PACKAGE_VERSION "1.1.5"
| #define PACKAGE_STRING "libmtp 1.1.5"
| #define PACKAGE_BUGREPORT "libmtp-discuss@lists.sourceforge.net"
| #define PACKAGE_URL ""
| #define PACKAGE "libmtp"
| #define VERSION "1.1.5"
| #define STDC_HEADERS 1
| #define HAVE_SYS_TYPES_H 1
| #define HAVE_SYS_STAT_H 1
| #define HAVE_STDLIB_H 1
| #define HAVE_STRING_H 1
| #define HAVE_MEMORY_H 1
| #define HAVE_STRINGS_H 1
| #define HAVE_INTTYPES_H 1
| #define HAVE_STDINT_H 1
| #define HAVE_UNISTD_H 1
| #define HAVE_DLFCN_H 1
| #define LT_OBJDIR ".libs/"
| #define HAVE_ICONV 1
| #define ICONV_CONST 
| /* end confdefs.h.  */
| 
| /* Override any GCC internal prototype to avoid an error.
|    Use char because int might match the return type of a GCC
|    builtin and then its argument prototype would still apply.  */
| #ifdef __cplusplus
| extern "C"
| #endif
| char usb_open ();
| int
| main ()
| {
| return usb_open ();
|   ;
|   return 0;
| }
configure:13528: result: no
configure:13540: error: *** libusb not found! (missing -dev/-devel package?) ***\n*** prefer to install libusb-1 if you can! ***

## ---------------- ##
## Cache variables. ##
## ---------------- ##

ac_cv_build=i386-apple-darwin12.2.0
ac_cv_c_compiler_gnu=yes
ac_cv_env_CC_set=
ac_cv_env_CC_value=
ac_cv_env_CFLAGS_set=
ac_cv_env_CFLAGS_value=
ac_cv_env_CPPFLAGS_set=
ac_cv_env_CPPFLAGS_value=
ac_cv_env_CPP_set=
ac_cv_env_CPP_value=
ac_cv_env_LDFLAGS_set=set
ac_cv_env_LDFLAGS_value=-L/usr/local/lib
ac_cv_env_LIBS_set=
ac_cv_env_LIBS_value=
ac_cv_env_LIBUSB_CFLAGS_set=
ac_cv_env_LIBUSB_CFLAGS_value=
ac_cv_env_LIBUSB_LIBS_set=
ac_cv_env_LIBUSB_LIBS_value=
ac_cv_env_PKG_CONFIG_LIBDIR_set=
ac_cv_env_PKG_CONFIG_LIBDIR_value=
ac_cv_env_PKG_CONFIG_PATH_set=
ac_cv_env_PKG_CONFIG_PATH_value=
ac_cv_env_PKG_CONFIG_set=
ac_cv_env_PKG_CONFIG_value=
ac_cv_env_build_alias_set=
ac_cv_env_build_alias_value=
ac_cv_env_host_alias_set=
ac_cv_env_host_alias_value=
ac_cv_env_target_alias_set=
ac_cv_env_target_alias_value=
ac_cv_header_dlfcn_h=yes
ac_cv_header_inttypes_h=yes
ac_cv_header_memory_h=yes
ac_cv_header_stdc=yes
ac_cv_header_stdint_h=yes
ac_cv_header_stdlib_h=yes
ac_cv_header_string_h=yes
ac_cv_header_strings_h=yes
ac_cv_header_sys_stat_h=yes
ac_cv_header_sys_types_h=yes
ac_cv_header_unistd_h=yes
ac_cv_host=i386-apple-darwin12.2.0
ac_cv_lib_openusb_openusb_init=no
ac_cv_lib_usb_usb_open=no
ac_cv_objext=o
ac_cv_path_EGREP='/usr/bin/grep -E'
ac_cv_path_FGREP='/usr/bin/grep -F'
ac_cv_path_GREP=/usr/bin/grep
ac_cv_path_SED=/usr/bin/sed
ac_cv_path_install='/usr/bin/install -c'
ac_cv_prog_AWK=awk
ac_cv_prog_CPP='gcc -E'
ac_cv_prog_ac_ct_AR=ar
ac_cv_prog_ac_ct_CC=gcc
ac_cv_prog_ac_ct_DLLTOOL=dlltool
ac_cv_prog_ac_ct_DSYMUTIL=dsymutil
ac_cv_prog_ac_ct_LIPO=lipo
ac_cv_prog_ac_ct_NMEDIT=nmedit
ac_cv_prog_ac_ct_OBJDUMP=objdump
ac_cv_prog_ac_ct_OTOOL=otool
ac_cv_prog_ac_ct_RANLIB=ranlib
ac_cv_prog_ac_ct_STRIP=strip
ac_cv_prog_cc_c89=
ac_cv_prog_cc_g=yes
ac_cv_prog_make_make_set=yes
acl_cv_path_LD=/usr/llvm-gcc-4.2/libexec/gcc/i686-apple-darwin11/4.2.1/ld
acl_cv_prog_gnu_ld=no
acl_cv_rpath=done
am_cv_CC_dependencies_compiler_type=gcc3
am_cv_func_iconv=yes
am_cv_func_iconv_works=yes
am_cv_lib_iconv=yes
am_cv_proto_iconv='extern size_t iconv (iconv_t cd, char * *inbuf, size_t *inbytesleft, char * *outbuf, size_t *outbytesleft);'
am_cv_proto_iconv_arg1=
lt_cv_apple_cc_single_mod=yes
lt_cv_ar_at_file=no
lt_cv_deplibs_check_method=pass_all
lt_cv_file_magic_cmd='$MAGIC_CMD'
lt_cv_file_magic_test_file=
lt_cv_ld_exported_symbols_list=yes
lt_cv_ld_force_load=yes
lt_cv_ld_reload_flag=-r
lt_cv_nm_interface='BSD nm'
lt_cv_objdir=.libs
lt_cv_path_LD=/usr/llvm-gcc-4.2/libexec/gcc/i686-apple-darwin11/4.2.1/ld
lt_cv_path_NM=/usr/bin/nm
lt_cv_path_mainfest_tool=no
lt_cv_prog_compiler_c_o=yes
lt_cv_prog_compiler_pic='-fno-common -DPIC'
lt_cv_prog_compiler_pic_works=yes
lt_cv_prog_compiler_rtti_exceptions=no
lt_cv_prog_compiler_static_works=no
lt_cv_prog_gnu_ld=no
lt_cv_sharedlib_from_linklib_cmd='printf %s\n'
lt_cv_sys_global_symbol_pipe='sed -n -e '\''s/^.*[	 ]\([BCDEGRST][BCDEGRST]*\)[	 ][	 ]*_\([_A-Za-z][_A-Za-z0-9]*\)$/\1 _\2 \2/p'\'' | sed '\''/ __gnu_lto/d'\'''
lt_cv_sys_global_symbol_to_c_name_address='sed -n -e '\''s/^: \([^ ]*\)[ ]*$/  {\"\1\", (void *) 0},/p'\'' -e '\''s/^[BCDEGRST]* \([^ ]*\) \([^ ]*\)$/  {"\2", (void *) \&\2},/p'\'''
lt_cv_sys_global_symbol_to_c_name_address_lib_prefix='sed -n -e '\''s/^: \([^ ]*\)[ ]*$/  {\"\1\", (void *) 0},/p'\'' -e '\''s/^[BCDEGRST]* \([^ ]*\) \(lib[^ ]*\)$/  {"\2", (void *) \&\2},/p'\'' -e '\''s/^[BCDEGRST]* \([^ ]*\) \([^ ]*\)$/  {"lib\2", (void *) \&\2},/p'\'''
lt_cv_sys_global_symbol_to_cdecl='sed -n -e '\''s/^T .* \(.*\)$/extern int \1();/p'\'' -e '\''s/^[BCDEGRST]* .* \(.*\)$/extern char \1;/p'\'''
lt_cv_sys_max_cmd_len=196608
lt_cv_to_host_file_cmd=func_convert_file_noop
lt_cv_to_tool_file_cmd=func_convert_file_noop

## ----------------- ##
## Output variables. ##
## ----------------- ##

ACLOCAL='${SHELL} /Users/phausler/Downloads/libmtp-1.1.5/missing --run aclocal-1.11'
AMDEPBACKSLASH='\'
AMDEP_FALSE='#'
AMDEP_TRUE=''
AMTAR='$${TAR-tar}'
AR='ar'
AS='as'
AUTOCONF='${SHELL} /Users/phausler/Downloads/libmtp-1.1.5/missing --run autoconf'
AUTOHEADER='${SHELL} /Users/phausler/Downloads/libmtp-1.1.5/missing --run autoheader'
AUTOMAKE='${SHELL} /Users/phausler/Downloads/libmtp-1.1.5/missing --run automake-1.11'
AWK='awk'
CC='gcc'
CCDEPMODE='depmode=gcc3'
CFLAGS='-g -O2 -DUSE_DARWIN'
COMPILE_MINGW32_FALSE=''
COMPILE_MINGW32_TRUE='#'
CPP='gcc -E'
CPPFLAGS=''
CYGPATH_W='echo'
DEFS=''
DEPDIR='.deps'
DLLTOOL='dlltool'
DSYMUTIL='dsymutil'
DUMPBIN=''
ECHO_C='\c'
ECHO_N=''
ECHO_T=''
EGREP='/usr/bin/grep -E'
EXEEXT=''
FGREP='/usr/bin/grep -F'
GREP='/usr/bin/grep'
HAVE_DOXYGEN='false'
HAVE_DOXYGEN_FALSE=''
HAVE_DOXYGEN_TRUE='#'
INSTALL_DATA='${INSTALL} -m 644'
INSTALL_PROGRAM='${INSTALL}'
INSTALL_SCRIPT='${INSTALL}'
INSTALL_STRIP_PROGRAM='$(install_sh) -c -s'
LD='/usr/llvm-gcc-4.2/libexec/gcc/i686-apple-darwin11/4.2.1/ld'
LDFLAGS='-L/usr/local/lib'
LIBICONV='-liconv'
LIBOBJS=''
LIBOPENUSB_COMPILE_FALSE=''
LIBOPENUSB_COMPILE_TRUE=''
LIBS=''
LIBTOOL='$(SHELL) $(top_builddir)/libtool'
LIBUSB0_COMPILE_FALSE=''
LIBUSB0_COMPILE_TRUE=''
LIBUSB1_COMPILE_FALSE=''
LIBUSB1_COMPILE_TRUE=''
LIBUSB_CFLAGS=''
LIBUSB_LIBS=''
LIBUSB_REQUIRES=''
LIPO='lipo'
LN_S='ln -s'
LTLIBICONV='-liconv'
LTLIBOBJS=''
MAKEINFO='${SHELL} /Users/phausler/Downloads/libmtp-1.1.5/missing --run makeinfo'
MANIFEST_TOOL=':'
MKDIR_P='./install-sh -c -d'
MS_LIB_EXE_FALSE=''
MS_LIB_EXE_TRUE='#'
MTPZ_COMPILE_FALSE=''
MTPZ_COMPILE_TRUE=''
NM='/usr/bin/nm'
NMEDIT='nmedit'
OBJDUMP='objdump'
OBJEXT='o'
OSFLAGS='-framework IOKit'
OTOOL64=':'
OTOOL='otool'
PACKAGE='libmtp'
PACKAGE_BUGREPORT='libmtp-discuss@lists.sourceforge.net'
PACKAGE_NAME='libmtp'
PACKAGE_STRING='libmtp 1.1.5'
PACKAGE_TARNAME='libmtp'
PACKAGE_URL=''
PACKAGE_VERSION='1.1.5'
PATH_SEPARATOR=':'
PKG_CONFIG=''
PKG_CONFIG_LIBDIR=''
PKG_CONFIG_PATH=''
RANLIB='ranlib'
SED='/usr/bin/sed'
SET_MAKE=''
SHELL='/bin/sh'
STRIP='strip'
UDEV='/lib/udev'
UDEV_GROUP=''
UDEV_MODE=''
UDEV_RULES='69-libmtp.rules'
USE_LINUX_FALSE=''
USE_LINUX_TRUE='#'
VERSION='1.1.5'
ac_ct_AR='ar'
ac_ct_CC='gcc'
ac_ct_DUMPBIN=''
am__EXEEXT_FALSE=''
am__EXEEXT_TRUE=''
am__fastdepCC_FALSE='#'
am__fastdepCC_TRUE=''
am__include='include'
am__isrc=''
am__leading_dot='.'
am__nodep='_no'
am__quote=''
am__tar='$${TAR-tar} chof - "$$tardir"'
am__untar='$${TAR-tar} xf -'
bindir='${exec_prefix}/bin'
build='i386-apple-darwin12.2.0'
build_alias=''
build_cpu='i386'
build_os='darwin12.2.0'
build_vendor='apple'
datadir='${datarootdir}'
datarootdir='${prefix}/share'
docdir='${datarootdir}/doc/${PACKAGE_TARNAME}'
dvidir='${docdir}'
effective_target=''
exec_prefix='NONE'
host='i386-apple-darwin12.2.0'
host_alias=''
host_cpu='i386'
host_os='darwin12.2.0'
host_vendor='apple'
htmldir='${docdir}'
includedir='${prefix}/include'
infodir='${datarootdir}/info'
install_sh='${SHELL} /Users/phausler/Downloads/libmtp-1.1.5/install-sh'
libdir='${exec_prefix}/lib'
libexecdir='${exec_prefix}/libexec'
localedir='${datarootdir}/locale'
localstatedir='${prefix}/var'
mandir='${datarootdir}/man'
mkdir_p='$(top_builddir)/./install-sh -c -d'
ms_lib_exe=''
oldincludedir='/usr/include'
pdfdir='${docdir}'
prefix='NONE'
program_transform_name='s,x,x,'
psdir='${docdir}'
sbindir='${exec_prefix}/sbin'
sharedstatedir='${prefix}/com'
sysconfdir='${prefix}/etc'
target_alias=''

## ----------- ##
## confdefs.h. ##
## ----------- ##

/* confdefs.h */
#define PACKAGE_NAME "libmtp"
#define PACKAGE_TARNAME "libmtp"
#define PACKAGE_VERSION "1.1.5"
#define PACKAGE_STRING "libmtp 1.1.5"
#define PACKAGE_BUGREPORT "libmtp-discuss@lists.sourceforge.net"
#define PACKAGE_URL ""
#define PACKAGE "libmtp"
#define VERSION "1.1.5"
#define STDC_HEADERS 1
#define HAVE_SYS_TYPES_H 1
#define HAVE_SYS_STAT_H 1
#define HAVE_STDLIB_H 1
#define HAVE_STRING_H 1
#define HAVE_MEMORY_H 1
#define HAVE_STRINGS_H 1
#define HAVE_INTTYPES_H 1
#define HAVE_STDINT_H 1
#define HAVE_UNISTD_H 1
#define HAVE_DLFCN_H 1
#define LT_OBJDIR ".libs/"
#define HAVE_ICONV 1
#define ICONV_CONST 

configure: exit 1
